This is pdfTeX, Version 3.14159265-2.6-1.40.18 (TeX Live 2017) (preloaded format=pdflatex 2017.5.23)  1 MAR 2019 13:14
entering extended mode
 restricted \write18 enabled.
 file:line:error style messages enabled.
 %&-line parsing enabled.
**CMAME_submission.tex
(./CMAME_submission.tex
LaTeX2e <2017-04-15>
Babel <3.10> and hyphenation patterns for 84 language(s) loaded.
(/usr/local/texlive/2017/texmf-dist/tex/latex/elsarticle/elsarticle.cls
Document Class: elsarticle 2009/09/17, 1.2.0: Elsevier Ltd
\@bls=\dimen102
(/usr/local/texlive/2017/texmf-dist/tex/latex/base/article.cls
Document Class: article 2014/09/29 v1.4h Standard LaTeX document class
(/usr/local/texlive/2017/texmf-dist/tex/latex/base/size10.clo
File: size10.clo 2014/09/29 v1.4h Standard LaTeX file (size option)
)
\c@part=\count79
\c@section=\count80
\c@subsection=\count81
\c@subsubsection=\count82
\c@paragraph=\count83
\c@subparagraph=\count84
\c@figure=\count85
\c@table=\count86
\abovecaptionskip=\skip41
\belowcaptionskip=\skip42
\bibindent=\dimen103
)
(/usr/local/texlive/2017/texmf-dist/tex/latex/graphics/graphicx.sty
Package: graphicx 2014/10/28 v1.0g Enhanced LaTeX Graphics (DPC,SPQR)

(/usr/local/texlive/2017/texmf-dist/tex/latex/graphics/keyval.sty
Package: keyval 2014/10/28 v1.15 key=value parser (DPC)
\KV@toks@=\toks14
)
(/usr/local/texlive/2017/texmf-dist/tex/latex/graphics/graphics.sty
Package: graphics 2017/04/14 v1.1b Standard LaTeX Graphics (DPC,SPQR)

(/usr/local/texlive/2017/texmf-dist/tex/latex/graphics/trig.sty
Package: trig 2016/01/03 v1.10 sin cos tan (DPC)
)
(/usr/local/texlive/2017/texmf-dist/tex/latex/graphics-cfg/graphics.cfg
File: graphics.cfg 2016/06/04 v1.11 sample graphics configuration
)
Package graphics Info: Driver file: pdftex.def on input line 99.

(/usr/local/texlive/2017/texmf-dist/tex/latex/graphics-def/pdftex.def
File: pdftex.def 2017/01/12 v0.06k Graphics/color for pdfTeX

(/usr/local/texlive/2017/texmf-dist/tex/generic/oberdiek/infwarerr.sty
Package: infwarerr 2016/05/16 v1.4 Providing info/warning/error messages (HO)
)
(/usr/local/texlive/2017/texmf-dist/tex/generic/oberdiek/ltxcmds.sty
Package: ltxcmds 2016/05/16 v1.23 LaTeX kernel commands for general use (HO)
)
\Gread@gobject=\count87
))
\Gin@req@height=\dimen104
\Gin@req@width=\dimen105
)
(/usr/local/texlive/2017/texmf-dist/tex/latex/psnfss/pifont.sty
Package: pifont 2005/04/12 PSNFSS-v9.2a Pi font support (SPQR) 
LaTeX Font Info:    Try loading font information for U+pzd on input line 63.

(/usr/local/texlive/2017/texmf-dist/tex/latex/psnfss/upzd.fd
File: upzd.fd 2001/06/04 font definitions for U/pzd.
)
LaTeX Font Info:    Try loading font information for U+psy on input line 64.

(/usr/local/texlive/2017/texmf-dist/tex/latex/psnfss/upsy.fd
File: upsy.fd 2001/06/04 font definitions for U/psy.
))
\c@tnote=\count88
\c@fnote=\count89
\c@cnote=\count90
\c@ead=\count91
\c@author=\count92
\@eadauthor=\toks15
\c@affn=\count93
\absbox=\box26
\keybox=\box27
\Columnwidth=\dimen106
\space@left=\dimen107
\els@boxa=\box28
\els@boxb=\box29
\leftMargin=\dimen108
\@enLab=\toks16
\@sep=\skip43
\@@sep=\skip44

(./CMAME_submission.spl)
(/usr/local/texlive/2017/texmf-dist/tex/latex/natbib/natbib.sty
Package: natbib 2010/09/13 8.31b (PWD, AO)
\bibhang=\skip45
\bibsep=\skip46
LaTeX Info: Redefining \cite on input line 694.
\c@NAT@ctr=\count94
)
\splwrite=\write3
\openout3 = `CMAME_submission.spl'.

)
(/usr/local/texlive/2017/texmf-dist/tex/latex/lineno/lineno.sty
Package: lineno 2005/11/02 line numbers on paragraphs v4.41
\linenopenalty=\count95
\output=\toks17
\linenoprevgraf=\count96
\linenumbersep=\dimen109
\linenumberwidth=\dimen110
\c@linenumber=\count97
\c@pagewiselinenumber=\count98
\c@LN@truepage=\count99
\c@internallinenumber=\count100
\c@internallinenumbers=\count101
\quotelinenumbersep=\dimen111
\bframerule=\dimen112
\bframesep=\dimen113
\bframebox=\box30
LaTeX Info: Redefining \\ on input line 3056.
)
(/usr/local/texlive/2017/texmf-dist/tex/latex/soul/soul.sty
Package: soul 2003/11/17 v2.4 letterspacing/underlining (mf)
\SOUL@word=\toks18
\SOUL@lasttoken=\toks19
\SOUL@cmds=\toks20
\SOUL@buffer=\toks21
\SOUL@token=\toks22
\SOUL@spaceskip=\skip47
\SOUL@ttwidth=\dimen114
\SOUL@uldp=\dimen115
\SOUL@ulht=\dimen116
)
(/usr/local/texlive/2017/texmf-dist/tex/latex/base/inputenc.sty
Package: inputenc 2015/03/17 v1.2c Input encoding file
\inpenc@prehook=\toks23
\inpenc@posthook=\toks24

(/usr/local/texlive/2017/texmf-dist/tex/latex/ucs/utf8x.def
File: utf8x.def 2004/10/17 UCS: Input encoding UTF-8
))
(/usr/local/texlive/2017/texmf-dist/tex/latex/ucs/ucs.sty
Package: ucs 2013/05/11 v2.2 UCS: Unicode input support

(/usr/local/texlive/2017/texmf-dist/tex/latex/ucs/data/uni-global.def
File: uni-global.def 2013/05/13 UCS: Unicode global data
)
\uc@secondtry=\count102
\uc@combtoks=\toks25
\uc@combtoksb=\toks26
\uc@temptokena=\toks27
)
(./mathhead.tex
(/usr/local/texlive/2017/texmf-dist/tex/latex/amsmath/amsmath.sty
Package: amsmath 2016/11/05 v2.16a AMS math features
\@mathmargin=\skip48

For additional information on amsmath, use the `?' option.
(/usr/local/texlive/2017/texmf-dist/tex/latex/amsmath/amstext.sty
Package: amstext 2000/06/29 v2.01 AMS text

(/usr/local/texlive/2017/texmf-dist/tex/latex/amsmath/amsgen.sty
File: amsgen.sty 1999/11/30 v2.0 generic functions
\@emptytoks=\toks28
\ex@=\dimen117
))
(/usr/local/texlive/2017/texmf-dist/tex/latex/amsmath/amsbsy.sty
Package: amsbsy 1999/11/29 v1.2d Bold Symbols
\pmbraise@=\dimen118
)
(/usr/local/texlive/2017/texmf-dist/tex/latex/amsmath/amsopn.sty
Package: amsopn 2016/03/08 v2.02 operator names
)
\inf@bad=\count103
LaTeX Info: Redefining \frac on input line 213.
\uproot@=\count104
\leftroot@=\count105
LaTeX Info: Redefining \overline on input line 375.
\classnum@=\count106
\DOTSCASE@=\count107
LaTeX Info: Redefining \ldots on input line 472.
LaTeX Info: Redefining \dots on input line 475.
LaTeX Info: Redefining \cdots on input line 596.
\Mathstrutbox@=\box31
\strutbox@=\box32
\big@size=\dimen119
LaTeX Font Info:    Redeclaring font encoding OML on input line 712.
LaTeX Font Info:    Redeclaring font encoding OMS on input line 713.
\macc@depth=\count108
\c@MaxMatrixCols=\count109
\dotsspace@=\muskip10
\c@parentequation=\count110
\dspbrk@lvl=\count111
\tag@help=\toks29
\row@=\count112
\column@=\count113
\maxfields@=\count114
\andhelp@=\toks30
\eqnshift@=\dimen120
\alignsep@=\dimen121
\tagshift@=\dimen122
\tagwidth@=\dimen123
\totwidth@=\dimen124
\lineht@=\dimen125
\@envbody=\toks31
\multlinegap=\skip49
\multlinetaggap=\skip50
\mathdisplay@stack=\toks32
LaTeX Info: Redefining \[ on input line 2817.
LaTeX Info: Redefining \] on input line 2818.
)
(/usr/local/texlive/2017/texmf-dist/tex/latex/amsfonts/amsfonts.sty
Package: amsfonts 2013/01/14 v3.01 Basic AMSFonts support
\symAMSa=\mathgroup4
\symAMSb=\mathgroup5
LaTeX Font Info:    Overwriting math alphabet `\mathfrak' in version `bold'
(Font)                  U/euf/m/n --> U/euf/b/n on input line 106.
)
(/usr/local/texlive/2017/texmf-dist/tex/latex/amsfonts/amssymb.sty
Package: amssymb 2013/01/14 v3.01 AMS font symbols
)
(/usr/local/texlive/2017/texmf-dist/tex/latex/amscls/amsthm.sty
Package: amsthm 2015/03/04 v2.20.2
\thm@style=\toks33
\thm@bodyfont=\toks34
\thm@headfont=\toks35
\thm@notefont=\toks36
\thm@headpunct=\toks37
\thm@preskip=\skip51
\thm@postskip=\skip52
\thm@headsep=\skip53
\dth@everypar=\toks38
LaTeX Info: Redefining \qed on input line 264.
)
(/usr/local/texlive/2017/texmf-dist/tex/latex/tools/bm.sty
Package: bm 2017/01/16 v1.2c Bold Symbol Support (DPC/FMi)
\symboldoperators=\mathgroup6
\symboldletters=\mathgroup7
\symboldsymbols=\mathgroup8
LaTeX Font Info:    Redeclaring math alphabet \mathbf on input line 141.
LaTeX Info: Redefining \bm on input line 207.
)
(/usr/local/texlive/2017/texmf-dist/tex/latex/tools/indentfirst.sty
Package: indentfirst 1995/11/23 v1.03 Indent first paragraph (DPC)
)
(/usr/local/texlive/2017/texmf-dist/tex/latex/subfigure/subfigure.sty
Package: subfigure 2002/03/15 v2.1.5 subfigure package
\subfigtopskip=\skip54
\subfigcapskip=\skip55
\subfigcaptopadj=\dimen126
\subfigbottomskip=\skip56
\subfigcapmargin=\dimen127
\subfiglabelskip=\skip57
\c@subfigure=\count115
\c@lofdepth=\count116
\c@subtable=\count117
\c@lotdepth=\count118

****************************************
* Local config file subfigure.cfg used *
****************************************
(/usr/local/texlive/2017/texmf-dist/tex/latex/subfigure/subfigure.cfg)
\subfig@top=\skip58
\subfig@bottom=\skip59
)
(/usr/local/texlive/2017/texmf-dist/tex/latex/tools/array.sty
Package: array 2016/10/06 v2.4d Tabular extension package (FMi)
\col@sep=\dimen128
\extrarowheight=\dimen129
\NC@list=\toks39
\extratabsurround=\skip60
\backup@length=\skip61
)
(/usr/local/texlive/2017/texmf-dist/tex/latex/preprint/fullpage.sty
Package: fullpage 1999/02/23 1.1 (PWD)
\FP@margin=\skip62
)
(/usr/local/texlive/2017/texmf-dist/tex/latex/hyperref/hyperref.sty
Package: hyperref 2017/03/14 v6.85a Hypertext links for LaTeX

(/usr/local/texlive/2017/texmf-dist/tex/generic/oberdiek/hobsub-hyperref.sty
Package: hobsub-hyperref 2016/05/16 v1.14 Bundle oberdiek, subset hyperref (HO)


(/usr/local/texlive/2017/texmf-dist/tex/generic/oberdiek/hobsub-generic.sty
Package: hobsub-generic 2016/05/16 v1.14 Bundle oberdiek, subset generic (HO)
Package: hobsub 2016/05/16 v1.14 Construct package bundles (HO)
Package hobsub Info: Skipping package `infwarerr' (already loaded).
Package hobsub Info: Skipping package `ltxcmds' (already loaded).
Package: ifluatex 2016/05/16 v1.4 Provides the ifluatex switch (HO)
Package ifluatex Info: LuaTeX not detected.
Package: ifvtex 2016/05/16 v1.6 Detect VTeX and its facilities (HO)
Package ifvtex Info: VTeX not detected.
Package: intcalc 2016/05/16 v1.2 Expandable calculations with integers (HO)
Package: ifpdf 2017/03/15 v3.2 Provides the ifpdf switch
Package: etexcmds 2016/05/16 v1.6 Avoid name clashes with e-TeX commands (HO)
Package etexcmds Info: Could not find \expanded.
(etexcmds)             That can mean that you are not using pdfTeX 1.50 or
(etexcmds)             that some package has redefined \expanded.
(etexcmds)             In the latter case, load this package earlier.
Package: kvsetkeys 2016/05/16 v1.17 Key value parser (HO)
Package: kvdefinekeys 2016/05/16 v1.4 Define keys (HO)
Package: pdftexcmds 2017/03/19 v0.25 Utility functions of pdfTeX for LuaTeX (HO
)
Package pdftexcmds Info: LuaTeX not detected.
Package pdftexcmds Info: \pdf@primitive is available.
Package pdftexcmds Info: \pdf@ifprimitive is available.
Package pdftexcmds Info: \pdfdraftmode found.
Package: pdfescape 2016/05/16 v1.14 Implements pdfTeX's escape features (HO)
Package: bigintcalc 2016/05/16 v1.4 Expandable calculations on big integers (HO
)
Package: bitset 2016/05/16 v1.2 Handle bit-vector datatype (HO)
Package: uniquecounter 2016/05/16 v1.3 Provide unlimited unique counter (HO)
)
Package hobsub Info: Skipping package `hobsub' (already loaded).
Package: letltxmacro 2016/05/16 v1.5 Let assignment for LaTeX macros (HO)
Package: hopatch 2016/05/16 v1.3 Wrapper for package hooks (HO)
Package: xcolor-patch 2016/05/16 xcolor patch
Package: atveryend 2016/05/16 v1.9 Hooks at the very end of document (HO)
Package atveryend Info: \enddocument detected (standard20110627).
Package: atbegshi 2016/06/09 v1.18 At begin shipout hook (HO)
Package: refcount 2016/05/16 v3.5 Data extraction from label references (HO)
Package: hycolor 2016/05/16 v1.8 Color options for hyperref/bookmark (HO)
)
(/usr/local/texlive/2017/texmf-dist/tex/generic/ifxetex/ifxetex.sty
Package: ifxetex 2010/09/12 v0.6 Provides ifxetex conditional
)
(/usr/local/texlive/2017/texmf-dist/tex/latex/oberdiek/auxhook.sty
Package: auxhook 2016/05/16 v1.4 Hooks for auxiliary files (HO)
)
(/usr/local/texlive/2017/texmf-dist/tex/latex/oberdiek/kvoptions.sty
Package: kvoptions 2016/05/16 v3.12 Key value format for package options (HO)
)
\@linkdim=\dimen130
\Hy@linkcounter=\count119
\Hy@pagecounter=\count120

(/usr/local/texlive/2017/texmf-dist/tex/latex/hyperref/pd1enc.def
File: pd1enc.def 2017/03/14 v6.85a Hyperref: PDFDocEncoding definition (HO)
)
\Hy@SavedSpaceFactor=\count121

(/usr/local/texlive/2017/texmf-dist/tex/latex/latexconfig/hyperref.cfg
File: hyperref.cfg 2002/06/06 v1.2 hyperref configuration of TeXLive
)
Package hyperref Info: Hyper figures OFF on input line 4498.
Package hyperref Info: Link nesting OFF on input line 4503.
Package hyperref Info: Hyper index ON on input line 4506.
Package hyperref Info: Plain pages OFF on input line 4513.
Package hyperref Info: Backreferencing OFF on input line 4518.
Package hyperref Info: Implicit mode ON; LaTeX internals redefined.
Package hyperref Info: Bookmarks ON on input line 4751.
\c@Hy@tempcnt=\count122

(/usr/local/texlive/2017/texmf-dist/tex/latex/url/url.sty
\Urlmuskip=\muskip11
Package: url 2013/09/16  ver 3.4  Verb mode for urls, etc.
)
LaTeX Info: Redefining \url on input line 5104.
\XeTeXLinkMargin=\dimen131
\Fld@menulength=\count123
\Field@Width=\dimen132
\Fld@charsize=\dimen133
Package hyperref Info: Hyper figures OFF on input line 6358.
Package hyperref Info: Link nesting OFF on input line 6363.
Package hyperref Info: Hyper index ON on input line 6366.
Package hyperref Info: backreferencing OFF on input line 6373.
Package hyperref Info: Link coloring OFF on input line 6378.
Package hyperref Info: Link coloring with OCG OFF on input line 6383.
Package hyperref Info: PDF/A mode OFF on input line 6388.
LaTeX Info: Redefining \ref on input line 6428.
LaTeX Info: Redefining \pageref on input line 6432.
\Hy@abspage=\count124
\c@Item=\count125
\c@Hfootnote=\count126
)

Package hyperref Message: Driver (autodetected): hpdftex.

(/usr/local/texlive/2017/texmf-dist/tex/latex/hyperref/hpdftex.def
File: hpdftex.def 2017/03/14 v6.85a Hyperref driver for pdfTeX
\Fld@listcount=\count127
\c@bookmark@seq@number=\count128

(/usr/local/texlive/2017/texmf-dist/tex/latex/oberdiek/rerunfilecheck.sty
Package: rerunfilecheck 2016/05/16 v1.8 Rerun checks for auxiliary files (HO)
Package uniquecounter Info: New unique counter `rerunfilecheck' on input line 2
82.
)
\Hy@SectionHShift=\skip63
)
(/usr/local/texlive/2017/texmf-dist/tex/latex/graphics/color.sty
Package: color 2016/07/10 v1.1e Standard LaTeX Color (DPC)

(/usr/local/texlive/2017/texmf-dist/tex/latex/graphics-cfg/color.cfg
File: color.cfg 2016/01/02 v1.6 sample color configuration
)
Package color Info: Driver file: pdftex.def on input line 147.
)
(/usr/local/texlive/2017/texmf-dist/tex/latex/base/latexsym.sty
Package: latexsym 1998/08/17 v2.2e Standard LaTeX package (lasy symbols)
\symlasy=\mathgroup9
LaTeX Font Info:    Overwriting symbol font `lasy' in version `bold'
(Font)                  U/lasy/m/n --> U/lasy/b/n on input line 52.
)
(/usr/local/texlive/2017/texmf-dist/tex/latex/etoolbox/etoolbox.sty
Package: etoolbox 2017/01/02 v2.4 e-TeX tools for LaTeX (JAW)
\etb@tempcnta=\count129
)
(/usr/local/texlive/2017/texmf-dist/tex/latex/acronym/acronym.sty
Package: acronym 2015/03/21 v1.41 Support for acronyms (Tobias Oetiker)

(/usr/local/texlive/2017/texmf-dist/tex/latex/bigfoot/suffix.sty
Package: suffix 2006/07/15 1.5a Variant command support
)
(/usr/local/texlive/2017/texmf-dist/tex/generic/xstring/xstring.sty
(/usr/local/texlive/2017/texmf-dist/tex/generic/xstring/xstring.tex
\@xs@message=\write4
\integerpart=\count130
\decimalpart=\count131
)
Package: xstring 2013/10/13  v1.7c  String manipulations (C Tellechea)
)
\AC@clearlist=\toks40
)
(/usr/local/texlive/2017/texmf-dist/tex/generic/genmisc/nth.sty
Package: nth 2002/02/27
)
(/usr/local/texlive/2017/texmf-dist/tex/latex/fixme/fixme.sty
Package: fixme 2017/03/05 v4.4 Collaborative annotations for LaTeX2e

(/usr/local/texlive/2017/texmf-dist/tex/latex/base/ifthen.sty
Package: ifthen 2014/09/29 v1.1c Standard LaTeX ifthen package (DPC)
)
(/usr/local/texlive/2017/texmf-dist/tex/latex/tools/verbatim.sty
Package: verbatim 2014/10/28 v1.5q LaTeX2e package for verbatim enhancements
\every@verbatim=\toks41
\verbatim@line=\toks42
\verbatim@in@stream=\read1
)
(/usr/local/texlive/2017/texmf-dist/tex/latex/xkeyval/xkeyval.sty
Package: xkeyval 2014/12/03 v2.7a package option processing (HA)

(/usr/local/texlive/2017/texmf-dist/tex/generic/xkeyval/xkeyval.tex
(/usr/local/texlive/2017/texmf-dist/tex/generic/xkeyval/xkvutils.tex
\XKV@toks=\toks43
\XKV@tempa@toks=\toks44
)
\XKV@depth=\count132
File: xkeyval.tex 2014/12/03 v2.7a key=value parser (HA)
))
\lox@file=\read2
\c@fixmecount=\count133
\c@fxnotecount=\count134
\c@fxwarningcount=\count135
\c@fxerrorcount=\count136
\c@fxfatalcount=\count137
)
\c@Definition=\count138
\c@thm=\count139
\c@cor=\count140
\c@exam=\count141

(/usr/local/texlive/2017/texmf-dist/tex/latex/caption/newfloat.sty
Package: newfloat 2015/09/17 v1.1-109 Defining new floating environments (AR)
)
(/usr/local/texlive/2017/texmf-dist/tex/latex/algorithmicx/algcompatible.sty
Package: algcompatible 

(/usr/local/texlive/2017/texmf-dist/tex/latex/algorithmicx/algorithmicx.sty
Package: algorithmicx 2005/04/27 v1.2 Algorithmicx

Document Style algorithmicx 1.2 - a greatly improved `algorithmic' style
\c@ALG@line=\count142
\c@ALG@rem=\count143
\c@ALG@nested=\count144
\ALG@tlm=\skip64
\ALG@thistlm=\skip65
\c@ALG@Lnr=\count145
\c@ALG@blocknr=\count146
\c@ALG@storecount=\count147
\c@ALG@tmpcounter=\count148
\ALG@tmplength=\skip66
)
Document Style - algorithmic compatible environments for the `algorithmicx' sty
le
)
Package newfloat Info: New float `algorithm' with options `fileext=loa, listnam
e=List of Algorithms, name=ALGORITHM, placement=tbhp' on input line 78.
\c@algorithm=\count149
\newfloat@ftype=\count150
Package newfloat Info: float type `algorithm'=8 on input line 78.
\c@loadepth=\count151
 (/usr/local/texlive/2017/texmf-dist/tex/latex/pgf/frontendlayer/tikz.sty
(/usr/local/texlive/2017/texmf-dist/tex/latex/pgf/basiclayer/pgf.sty
(/usr/local/texlive/2017/texmf-dist/tex/latex/pgf/utilities/pgfrcs.sty
(/usr/local/texlive/2017/texmf-dist/tex/generic/pgf/utilities/pgfutil-common.te
x
\pgfutil@everybye=\toks45
\pgfutil@tempdima=\dimen134
\pgfutil@tempdimb=\dimen135

(/usr/local/texlive/2017/texmf-dist/tex/generic/pgf/utilities/pgfutil-common-li
sts.tex))
(/usr/local/texlive/2017/texmf-dist/tex/generic/pgf/utilities/pgfutil-latex.def
\pgfutil@abb=\box33
(/usr/local/texlive/2017/texmf-dist/tex/latex/ms/everyshi.sty
Package: everyshi 2001/05/15 v3.00 EveryShipout Package (MS)
))
(/usr/local/texlive/2017/texmf-dist/tex/generic/pgf/utilities/pgfrcs.code.tex
Package: pgfrcs 2015/08/07 v3.0.1a (rcs-revision 1.31)
))
Package: pgf 2015/08/07 v3.0.1a (rcs-revision 1.15)
(/usr/local/texlive/2017/texmf-dist/tex/latex/pgf/basiclayer/pgfcore.sty
(/usr/local/texlive/2017/texmf-dist/tex/latex/pgf/systemlayer/pgfsys.sty
(/usr/local/texlive/2017/texmf-dist/tex/generic/pgf/systemlayer/pgfsys.code.tex
Package: pgfsys 2014/07/09 v3.0.1a (rcs-revision 1.48)
(/usr/local/texlive/2017/texmf-dist/tex/generic/pgf/utilities/pgfkeys.code.tex
\pgfkeys@pathtoks=\toks46
\pgfkeys@temptoks=\toks47

(/usr/local/texlive/2017/texmf-dist/tex/generic/pgf/utilities/pgfkeysfiltered.c
ode.tex
\pgfkeys@tmptoks=\toks48
))
\pgf@x=\dimen136
\pgf@y=\dimen137
\pgf@xa=\dimen138
\pgf@ya=\dimen139
\pgf@xb=\dimen140
\pgf@yb=\dimen141
\pgf@xc=\dimen142
\pgf@yc=\dimen143
\w@pgf@writea=\write5
\r@pgf@reada=\read3
\c@pgf@counta=\count152
\c@pgf@countb=\count153
\c@pgf@countc=\count154
\c@pgf@countd=\count155
\t@pgf@toka=\toks49
\t@pgf@tokb=\toks50
\t@pgf@tokc=\toks51

(/usr/local/texlive/2017/texmf-dist/tex/generic/pgf/systemlayer/pgf.cfg
File: pgf.cfg 2008/05/14  (rcs-revision 1.7)
)
Driver file for pgf: pgfsys-pdftex.def

(/usr/local/texlive/2017/texmf-dist/tex/generic/pgf/systemlayer/pgfsys-pdftex.d
ef
File: pgfsys-pdftex.def 2014/10/11  (rcs-revision 1.35)

(/usr/local/texlive/2017/texmf-dist/tex/generic/pgf/systemlayer/pgfsys-common-p
df.def
File: pgfsys-common-pdf.def 2013/10/10  (rcs-revision 1.13)
)))
(/usr/local/texlive/2017/texmf-dist/tex/generic/pgf/systemlayer/pgfsyssoftpath.
code.tex
File: pgfsyssoftpath.code.tex 2013/09/09  (rcs-revision 1.9)
\pgfsyssoftpath@smallbuffer@items=\count156
\pgfsyssoftpath@bigbuffer@items=\count157
)
(/usr/local/texlive/2017/texmf-dist/tex/generic/pgf/systemlayer/pgfsysprotocol.
code.tex
File: pgfsysprotocol.code.tex 2006/10/16  (rcs-revision 1.4)
)) (/usr/local/texlive/2017/texmf-dist/tex/latex/xcolor/xcolor.sty
Package: xcolor 2016/05/11 v2.12 LaTeX color extensions (UK)

(/usr/local/texlive/2017/texmf-dist/tex/latex/graphics-cfg/color.cfg
File: color.cfg 2016/01/02 v1.6 sample color configuration
)
Package xcolor Info: Driver file: pdftex.def on input line 225.
LaTeX Info: Redefining \color on input line 709.
Package xcolor Info: Model `cmy' substituted by `cmy0' on input line 1348.
Package xcolor Info: Model `hsb' substituted by `rgb' on input line 1352.
Package xcolor Info: Model `RGB' extended on input line 1364.
Package xcolor Info: Model `HTML' substituted by `rgb' on input line 1366.
Package xcolor Info: Model `Hsb' substituted by `hsb' on input line 1367.
Package xcolor Info: Model `tHsb' substituted by `hsb' on input line 1368.
Package xcolor Info: Model `HSB' substituted by `hsb' on input line 1369.
Package xcolor Info: Model `Gray' substituted by `gray' on input line 1370.
Package xcolor Info: Model `wave' substituted by `hsb' on input line 1371.
)
(/usr/local/texlive/2017/texmf-dist/tex/generic/pgf/basiclayer/pgfcore.code.tex
Package: pgfcore 2010/04/11 v3.0.1a (rcs-revision 1.7)
(/usr/local/texlive/2017/texmf-dist/tex/generic/pgf/math/pgfmath.code.tex
(/usr/local/texlive/2017/texmf-dist/tex/generic/pgf/math/pgfmathcalc.code.tex
(/usr/local/texlive/2017/texmf-dist/tex/generic/pgf/math/pgfmathutil.code.tex)
(/usr/local/texlive/2017/texmf-dist/tex/generic/pgf/math/pgfmathparser.code.tex
\pgfmath@dimen=\dimen144
\pgfmath@count=\count158
\pgfmath@box=\box34
\pgfmath@toks=\toks52
\pgfmath@stack@operand=\toks53
\pgfmath@stack@operation=\toks54
)
(/usr/local/texlive/2017/texmf-dist/tex/generic/pgf/math/pgfmathfunctions.code.
tex
(/usr/local/texlive/2017/texmf-dist/tex/generic/pgf/math/pgfmathfunctions.basic
.code.tex)
(/usr/local/texlive/2017/texmf-dist/tex/generic/pgf/math/pgfmathfunctions.trigo
nometric.code.tex)
(/usr/local/texlive/2017/texmf-dist/tex/generic/pgf/math/pgfmathfunctions.rando
m.code.tex)
(/usr/local/texlive/2017/texmf-dist/tex/generic/pgf/math/pgfmathfunctions.compa
rison.code.tex)
(/usr/local/texlive/2017/texmf-dist/tex/generic/pgf/math/pgfmathfunctions.base.
code.tex)
(/usr/local/texlive/2017/texmf-dist/tex/generic/pgf/math/pgfmathfunctions.round
.code.tex)
(/usr/local/texlive/2017/texmf-dist/tex/generic/pgf/math/pgfmathfunctions.misc.
code.tex)
(/usr/local/texlive/2017/texmf-dist/tex/generic/pgf/math/pgfmathfunctions.integ
erarithmetics.code.tex)))
(/usr/local/texlive/2017/texmf-dist/tex/generic/pgf/math/pgfmathfloat.code.tex
\c@pgfmathroundto@lastzeros=\count159
))
(/usr/local/texlive/2017/texmf-dist/tex/generic/pgf/basiclayer/pgfcorepoints.co
de.tex
File: pgfcorepoints.code.tex 2013/10/07  (rcs-revision 1.27)
\pgf@picminx=\dimen145
\pgf@picmaxx=\dimen146
\pgf@picminy=\dimen147
\pgf@picmaxy=\dimen148
\pgf@pathminx=\dimen149
\pgf@pathmaxx=\dimen150
\pgf@pathminy=\dimen151
\pgf@pathmaxy=\dimen152
\pgf@xx=\dimen153
\pgf@xy=\dimen154
\pgf@yx=\dimen155
\pgf@yy=\dimen156
\pgf@zx=\dimen157
\pgf@zy=\dimen158
)
(/usr/local/texlive/2017/texmf-dist/tex/generic/pgf/basiclayer/pgfcorepathconst
ruct.code.tex
File: pgfcorepathconstruct.code.tex 2013/10/07  (rcs-revision 1.29)
\pgf@path@lastx=\dimen159
\pgf@path@lasty=\dimen160
)
(/usr/local/texlive/2017/texmf-dist/tex/generic/pgf/basiclayer/pgfcorepathusage
.code.tex
File: pgfcorepathusage.code.tex 2014/11/02  (rcs-revision 1.24)
\pgf@shorten@end@additional=\dimen161
\pgf@shorten@start@additional=\dimen162
)
(/usr/local/texlive/2017/texmf-dist/tex/generic/pgf/basiclayer/pgfcorescopes.co
de.tex
File: pgfcorescopes.code.tex 2015/05/08  (rcs-revision 1.46)
\pgfpic=\box35
\pgf@hbox=\box36
\pgf@layerbox@main=\box37
\pgf@picture@serial@count=\count160
)
(/usr/local/texlive/2017/texmf-dist/tex/generic/pgf/basiclayer/pgfcoregraphicst
ate.code.tex
File: pgfcoregraphicstate.code.tex 2014/11/02  (rcs-revision 1.12)
\pgflinewidth=\dimen163
)
(/usr/local/texlive/2017/texmf-dist/tex/generic/pgf/basiclayer/pgfcoretransform
ations.code.tex
File: pgfcoretransformations.code.tex 2015/08/07  (rcs-revision 1.20)
\pgf@pt@x=\dimen164
\pgf@pt@y=\dimen165
\pgf@pt@temp=\dimen166
)
(/usr/local/texlive/2017/texmf-dist/tex/generic/pgf/basiclayer/pgfcorequick.cod
e.tex
File: pgfcorequick.code.tex 2008/10/09  (rcs-revision 1.3)
)
(/usr/local/texlive/2017/texmf-dist/tex/generic/pgf/basiclayer/pgfcoreobjects.c
ode.tex
File: pgfcoreobjects.code.tex 2006/10/11  (rcs-revision 1.2)
)
(/usr/local/texlive/2017/texmf-dist/tex/generic/pgf/basiclayer/pgfcorepathproce
ssing.code.tex
File: pgfcorepathprocessing.code.tex 2013/09/09  (rcs-revision 1.9)
)
(/usr/local/texlive/2017/texmf-dist/tex/generic/pgf/basiclayer/pgfcorearrows.co
de.tex
File: pgfcorearrows.code.tex 2015/05/14  (rcs-revision 1.43)
\pgfarrowsep=\dimen167
)
(/usr/local/texlive/2017/texmf-dist/tex/generic/pgf/basiclayer/pgfcoreshade.cod
e.tex
File: pgfcoreshade.code.tex 2013/07/15  (rcs-revision 1.15)
\pgf@max=\dimen168
\pgf@sys@shading@range@num=\count161
)
(/usr/local/texlive/2017/texmf-dist/tex/generic/pgf/basiclayer/pgfcoreimage.cod
e.tex
File: pgfcoreimage.code.tex 2013/07/15  (rcs-revision 1.18)

(/usr/local/texlive/2017/texmf-dist/tex/generic/pgf/basiclayer/pgfcoreexternal.
code.tex
File: pgfcoreexternal.code.tex 2014/07/09  (rcs-revision 1.21)
\pgfexternal@startupbox=\box38
))
(/usr/local/texlive/2017/texmf-dist/tex/generic/pgf/basiclayer/pgfcorelayers.co
de.tex
File: pgfcorelayers.code.tex 2013/07/18  (rcs-revision 1.7)
)
(/usr/local/texlive/2017/texmf-dist/tex/generic/pgf/basiclayer/pgfcoretranspare
ncy.code.tex
File: pgfcoretransparency.code.tex 2013/09/30  (rcs-revision 1.5)
)
(/usr/local/texlive/2017/texmf-dist/tex/generic/pgf/basiclayer/pgfcorepatterns.
code.tex
File: pgfcorepatterns.code.tex 2013/11/07  (rcs-revision 1.5)
)))
(/usr/local/texlive/2017/texmf-dist/tex/generic/pgf/modules/pgfmoduleshapes.cod
e.tex
File: pgfmoduleshapes.code.tex 2014/03/21  (rcs-revision 1.35)
\pgfnodeparttextbox=\box39
)
(/usr/local/texlive/2017/texmf-dist/tex/generic/pgf/modules/pgfmoduleplot.code.
tex
File: pgfmoduleplot.code.tex 2015/08/03  (rcs-revision 1.13)
)
(/usr/local/texlive/2017/texmf-dist/tex/latex/pgf/compatibility/pgfcomp-version
-0-65.sty
Package: pgfcomp-version-0-65 2007/07/03 v3.0.1a (rcs-revision 1.7)
\pgf@nodesepstart=\dimen169
\pgf@nodesepend=\dimen170
)
(/usr/local/texlive/2017/texmf-dist/tex/latex/pgf/compatibility/pgfcomp-version
-1-18.sty
Package: pgfcomp-version-1-18 2007/07/23 v3.0.1a (rcs-revision 1.1)
))
(/usr/local/texlive/2017/texmf-dist/tex/latex/pgf/utilities/pgffor.sty
(/usr/local/texlive/2017/texmf-dist/tex/latex/pgf/utilities/pgfkeys.sty
(/usr/local/texlive/2017/texmf-dist/tex/generic/pgf/utilities/pgfkeys.code.tex)
) (/usr/local/texlive/2017/texmf-dist/tex/latex/pgf/math/pgfmath.sty
(/usr/local/texlive/2017/texmf-dist/tex/generic/pgf/math/pgfmath.code.tex))
(/usr/local/texlive/2017/texmf-dist/tex/generic/pgf/utilities/pgffor.code.tex
Package: pgffor 2013/12/13 v3.0.1a (rcs-revision 1.25)

(/usr/local/texlive/2017/texmf-dist/tex/generic/pgf/math/pgfmath.code.tex)
\pgffor@iter=\dimen171
\pgffor@skip=\dimen172
\pgffor@stack=\toks55
\pgffor@toks=\toks56
))
(/usr/local/texlive/2017/texmf-dist/tex/generic/pgf/frontendlayer/tikz/tikz.cod
e.tex
Package: tikz 2015/08/07 v3.0.1a (rcs-revision 1.151)

(/usr/local/texlive/2017/texmf-dist/tex/generic/pgf/libraries/pgflibraryplothan
dlers.code.tex
File: pgflibraryplothandlers.code.tex 2013/08/31 v3.0.1a (rcs-revision 1.20)
\pgf@plot@mark@count=\count162
\pgfplotmarksize=\dimen173
)
\tikz@lastx=\dimen174
\tikz@lasty=\dimen175
\tikz@lastxsaved=\dimen176
\tikz@lastysaved=\dimen177
\tikzleveldistance=\dimen178
\tikzsiblingdistance=\dimen179
\tikz@figbox=\box40
\tikz@figbox@bg=\box41
\tikz@tempbox=\box42
\tikz@tempbox@bg=\box43
\tikztreelevel=\count163
\tikznumberofchildren=\count164
\tikznumberofcurrentchild=\count165
\tikz@fig@count=\count166

(/usr/local/texlive/2017/texmf-dist/tex/generic/pgf/modules/pgfmodulematrix.cod
e.tex
File: pgfmodulematrix.code.tex 2013/09/17  (rcs-revision 1.8)
\pgfmatrixcurrentrow=\count167
\pgfmatrixcurrentcolumn=\count168
\pgf@matrix@numberofcolumns=\count169
)
\tikz@expandcount=\count170

(/usr/local/texlive/2017/texmf-dist/tex/generic/pgf/frontendlayer/tikz/librarie
s/tikzlibrarytopaths.code.tex
File: tikzlibrarytopaths.code.tex 2008/06/17 v3.0.1a (rcs-revision 1.2)
)))
(/usr/local/texlive/2017/texmf-dist/tex/generic/pgf/frontendlayer/tikz/librarie
s/tikzlibrarypatterns.code.tex
File: tikzlibrarypatterns.code.tex 2008/01/15 v3.0.1a (rcs-revision 1.2)

(/usr/local/texlive/2017/texmf-dist/tex/generic/pgf/libraries/pgflibrarypattern
s.code.tex
File: pgflibrarypatterns.code.tex 2008/03/03 v3.0.1a (rcs-revision 1.13)
))) (./CMAME_submission.aux)
\openout1 = `CMAME_submission.aux'.

LaTeX Font Info:    Checking defaults for OML/cmm/m/it on input line 45.
LaTeX Font Info:    ... okay on input line 45.
LaTeX Font Info:    Checking defaults for T1/cmr/m/n on input line 45.
LaTeX Font Info:    ... okay on input line 45.
LaTeX Font Info:    Checking defaults for OT1/cmr/m/n on input line 45.
LaTeX Font Info:    ... okay on input line 45.
LaTeX Font Info:    Checking defaults for OMS/cmsy/m/n on input line 45.
LaTeX Font Info:    ... okay on input line 45.
LaTeX Font Info:    Checking defaults for OMX/cmex/m/n on input line 45.
LaTeX Font Info:    ... okay on input line 45.
LaTeX Font Info:    Checking defaults for U/cmr/m/n on input line 45.
LaTeX Font Info:    ... okay on input line 45.
LaTeX Font Info:    Checking defaults for PD1/pdf/m/n on input line 45.
LaTeX Font Info:    ... okay on input line 45.

(/usr/local/texlive/2017/texmf-dist/tex/context/base/mkii/supp-pdf.mkii
[Loading MPS to PDF converter (version 2006.09.02).]
\scratchcounter=\count171
\scratchdimen=\dimen180
\scratchbox=\box44
\nofMPsegments=\count172
\nofMParguments=\count173
\everyMPshowfont=\toks57
\MPscratchCnt=\count174
\MPscratchDim=\dimen181
\MPnumerator=\count175
\makeMPintoPDFobject=\count176
\everyMPtoPDFconversion=\toks58
) (/usr/local/texlive/2017/texmf-dist/tex/latex/oberdiek/epstopdf-base.sty
Package: epstopdf-base 2016/05/15 v2.6 Base part for package epstopdf

(/usr/local/texlive/2017/texmf-dist/tex/latex/oberdiek/grfext.sty
Package: grfext 2016/05/16 v1.2 Manage graphics extensions (HO)
)
Package epstopdf-base Info: Redefining graphics rule for `.eps' on input line 4
38.
Package grfext Info: Graphics extension search list:
(grfext)             [.png,.pdf,.jpg,.mps,.jpeg,.jbig2,.jb2,.PNG,.PDF,.JPG,.JPE
G,.JBIG2,.JB2,.eps]
(grfext)             \AppendGraphicsExtensions on input line 456.

(/usr/local/texlive/2017/texmf-dist/tex/latex/latexconfig/epstopdf-sys.cfg
File: epstopdf-sys.cfg 2010/07/13 v1.3 Configuration of (r)epstopdf for TeX Liv
e
))
(/usr/local/texlive/2017/texmf-dist/tex/latex/ucs/ucsencs.def
File: ucsencs.def 2011/01/21 Fixes to fontencodings LGR, T3
)
\AtBeginShipoutBox=\box45
Package hyperref Info: Link coloring OFF on input line 45.

(/usr/local/texlive/2017/texmf-dist/tex/latex/hyperref/nameref.sty
Package: nameref 2016/05/21 v2.44 Cross-referencing by name of section

(/usr/local/texlive/2017/texmf-dist/tex/generic/oberdiek/gettitlestring.sty
Package: gettitlestring 2016/05/16 v1.5 Cleanup title references (HO)
)
\c@section@level=\count177
)
LaTeX Info: Redefining \ref on input line 45.
LaTeX Info: Redefining \pageref on input line 45.
LaTeX Info: Redefining \nameref on input line 45.

(./CMAME_submission.out) (./CMAME_submission.out)
\@outlinefile=\write6
\openout6 = `CMAME_submission.out'.


ABD: EveryShipout initializing macros (./abstract.tex
Package acronym Info: Label `acro:DSRAR' newly defined as it shall be overridde
n
although it is yet undefined on input line 9.
LaTeX Font Info:    Try loading font information for U+msa on input line 24.

(/usr/local/texlive/2017/texmf-dist/tex/latex/amsfonts/umsa.fd
File: umsa.fd 2013/01/14 v3.01 AMS symbols A
)
LaTeX Font Info:    Try loading font information for U+msb on input line 24.

(/usr/local/texlive/2017/texmf-dist/tex/latex/amsfonts/umsb.fd
File: umsb.fd 2013/01/14 v3.01 AMS symbols B
)
LaTeX Font Info:    Try loading font information for U+lasy on input line 24.

(/usr/local/texlive/2017/texmf-dist/tex/latex/base/ulasy.fd
File: ulasy.fd 1998/08/17 v2.2e LaTeX symbol font definitions
)
Overfull \hbox (3.9959pt too wide) in paragraph at lines 96--25
\OT1/cmr/m/n/10 The chal-lenge of quan-ti-fy-ing un-cer-tainty prop-a-ga-tion i
n real-world sys-tems is rooted in the high-dimensionality
 []

) (./Introduction.tex [1


{/usr/local/texlive/2017/texmf-var/fonts/map/pdftex/updmap/pdftex.map}]
Package acronym Info: Label `acro:UQ' newly defined as it shall be overridden
although it is yet undefined on input line 3.
Package acronym Info: Label `acro:QoI' newly defined as it shall be overridden
although it is yet undefined on input line 4.
Package acronym Info: Label `acro:DSRAR' overridden on input line 23.
Package acronym Info: Label `acro:MC' newly defined as it shall be overridden
although it is yet undefined on input line 27.
 [2]
Package acronym Info: Label `acro:gPC' newly defined as it shall be overridden
although it is yet undefined on input line 57.
Package acronym Info: Label `acro:GP' newly defined as it shall be overridden
although it is yet undefined on input line 57.
Package acronym Info: Label `acro:CS' newly defined as it shall be overridden
although it is yet undefined on input line 95.
 [3]
Package acronym Info: Label `acro:aPC' newly defined as it shall be overridden
although it is yet undefined on input line 148.
Package acronym Info: Label `acro:amdP' newly defined as it shall be overridden

although it is yet undefined on input line 164.
 [4]
Package acronym Info: Label `acro:PDE' newly defined as it shall be overridden
although it is yet undefined on input line 201.
) (./Background.tex [5] [6]
Package acronym Info: Label `acro:RIC' newly defined as it shall be overridden
although it is yet undefined on input line 86.
 [7]
Package acronym Info: Label `acro:RIP' newly defined as it shall be overridden
although it is yet undefined on input line 88.
) (./Methods.tex
[8]
Package acronym Info: Label `acro:PCA' newly defined as it shall be overridden
although it is yet undefined on input line 27.
 [9]
Package hyperref Info: bookmark level for unknown algorithm defaults to 0 on in
put line 94.
 [10] [11pdfTeX warning (ext4): destination with the same identifier (name{equa
tion.3.8}) has been already used, duplicate ignored

\AtBegShi@Output ...ipout \box \AtBeginShipoutBox 
                                                  \fi \fi 
l.155   \begin{equation}
                        ]pdfTeX warning (ext4): destination with the same ident
ifier (name{equation.3.8}) has been already used, duplicate ignored
<to be read again> 
                   \relax 
l.155   \begin{equation}
                        pdfTeX warning (ext4): destination with the same identi
fier (name{equation.3.8}) has been already used, duplicate ignored
<to be read again> 
                   \relax 
l.155   \begin{equation}
                        pdfTeX warning (ext4): destination with the same identi
fier (name{equation.3.8}) has been already used, duplicate ignored
<to be read again> 
                   \relax 
l.155   \begin{equation}
                        pdfTeX warning (ext4): destination with the same identi
fier (name{equation.3.8}) has been already used, duplicate ignored
<to be read again> 
                   \relax 
l.155   \begin{equation}
                         [12]

LaTeX Warning: Command \O invalid in math mode on input line 233.

[13] [14] [15] [16]) (./Results.tex [17]
LaTeX Font Info:    Font shape `U/lasy/b/n' in size <7> not available
(Font)              Font shape `U/lasy/m/n' tried instead on input line 52.
LaTeX Font Info:    Font shape `U/lasy/b/n' in size <5> not available
(Font)              Font shape `U/lasy/m/n' tried instead on input line 52.

<./Figure/Group_1/Theta_delta_sample_Ns_3_inset.pdf, id=561, 794.97pt x 614.295
pt>
File: ./Figure/Group_1/Theta_delta_sample_Ns_3_inset.pdf Graphic file (type pdf
)
 <use ./Figure/Group_1/Theta_delta_sample_Ns_3_inset.pdf>
Package pdftex.def Info: ./Figure/Group_1/Theta_delta_sample_Ns_3_inset.pdf use
d on input line 76.
(pdftex.def)             Requested size: 198.742pt x 153.57336pt.

<./Figure/Group_1/CEl2_sparse_basis_Ns_5_Null_vec_color.pdf, id=563, 652.4375pt
 x 580.1675pt>
File: ./Figure/Group_1/CEl2_sparse_basis_Ns_5_Null_vec_color.pdf Graphic file (
type pdf)

<use ./Figure/Group_1/CEl2_sparse_basis_Ns_5_Null_vec_color.pdf>
Package pdftex.def Info: ./Figure/Group_1/CEl2_sparse_basis_Ns_5_Null_vec_color
.pdf used on input line 77.
(pdftex.def)             Requested size: 163.10896pt x 145.0415pt.
 [18]
<./Figure/Group_3/CEl2_sparse_basis_Ns_120.pdf, id=577, 652.4375pt x 580.1675pt
>
File: ./Figure/Group_3/CEl2_sparse_basis_Ns_120.pdf Graphic file (type pdf)
 <use ./Figure/Group_3/CEl2_sparse_basis_Ns_120.pdf>
Package pdftex.def Info: ./Figure/Group_3/CEl2_sparse_basis_Ns_120.pdf used on 
input line 115.
(pdftex.def)             Requested size: 163.10896pt x 145.0415pt.

<./Figure/Group_3/Err_log_vec_density_sam_230_legendre_norm.pdf, id=579, 650.43
pt x 578.16pt>
File: ./Figure/Group_3/Err_log_vec_density_sam_230_legendre_norm.pdf Graphic fi
le (type pdf)

<use ./Figure/Group_3/Err_log_vec_density_sam_230_legendre_norm.pdf>
Package pdftex.def Info: ./Figure/Group_3/Err_log_vec_density_sam_230_legendre_
norm.pdf used on input line 116.
(pdftex.def)             Requested size: 162.6071pt x 144.53964pt.

<./Figure/Group_3/Err_log_vec_density_sam_230_orth.pdf, id=581, 650.43pt x 578.
16pt>
File: ./Figure/Group_3/Err_log_vec_density_sam_230_orth.pdf Graphic file (type 
pdf)
 <use ./Figure/Group_3/Err_log_vec_density_sam_230_orth.pdf>
Package pdftex.def Info: ./Figure/Group_3/Err_log_vec_density_sam_230_orth.pdf 
used on input line 117.
(pdftex.def)             Requested size: 162.6071pt x 144.53964pt.

<./Figure/Group_3/Err_log_vec_density_sam_230_orth_bound.pdf, id=583, 650.43pt 
x 578.16pt>
File: ./Figure/Group_3/Err_log_vec_density_sam_230_orth_bound.pdf Graphic file 
(type pdf)
 <use ./Figure/Group_3/Err_log_vec_density_sam_230_orth_bound.pdf>
Package pdftex.def Info: ./Figure/Group_3/Err_log_vec_density_sam_230_orth_boun
d.pdf used on input line 118.
(pdftex.def)             Requested size: 162.6071pt x 144.53964pt.

[19 <./Figure/Group_1/Theta_delta_sample_Ns_3_inset.pdf, page is rotated 90 deg
rees> <./Figure/Group_1/CEl2_sparse_basis_Ns_5_Null_vec_color.pdf>] [20 <./Figu
re/Group_3/CEl2_sparse_basis_Ns_120.pdf> <./Figure/Group_3/Err_log_vec_density_
sam_230_legendre_norm.pdf> <./Figure/Group_3/Err_log_vec_density_sam_230_orth.p
df> <./Figure/Group_3/Err_log_vec_density_sam_230_orth_bound.pdf>]
Package acronym Info: Label `acro:PDF' newly defined as it shall be overridden
although it is yet undefined on input line 200.

<./Figure/Group_7/el2_lauguerre_dim_20_p_3.pdf, id=647, 652.4375pt x 580.1675pt
>
File: ./Figure/Group_7/el2_lauguerre_dim_20_p_3.pdf Graphic file (type pdf)
 <use ./Figure/Group_7/el2_lauguerre_dim_20_p_3.pdf>
Package pdftex.def Info: ./Figure/Group_7/el2_lauguerre_dim_20_p_3.pdf used on 
input line 208.
(pdftex.def)             Requested size: 163.10896pt x 145.0415pt.
 [21 <./Figure/Group_7/el2_lauguerre_dim_20_p_3.pdf>]
<./Figure/Group_7/el2_chebyshev_dim_16_p_3.pdf, id=670, 652.4375pt x 580.1675pt
>
File: ./Figure/Group_7/el2_chebyshev_dim_16_p_3.pdf Graphic file (type pdf)
 <use ./Figure/Group_7/el2_chebyshev_dim_16_p_3.pdf>
Package pdftex.def Info: ./Figure/Group_7/el2_chebyshev_dim_16_p_3.pdf used on 
input line 253.
(pdftex.def)             Requested size: 163.10896pt x 145.0415pt.
 [22]
<./Figure/Group_4/el2_rand_poly_dim_25_p3_rotate_together.pdf, id=693, 652.4375
pt x 580.1675pt>
File: ./Figure/Group_4/el2_rand_poly_dim_25_p3_rotate_together.pdf Graphic file
 (type pdf)

<use ./Figure/Group_4/el2_rand_poly_dim_25_p3_rotate_together.pdf>
Package pdftex.def Info: ./Figure/Group_4/el2_rand_poly_dim_25_p3_rotate_togeth
er.pdf used on input line 296.
(pdftex.def)             Requested size: 163.10896pt x 145.0415pt.

<./Figure/Group_4/coeff_rand_poly_orth_near_orth_legendre.pdf, id=695, 652.4375
pt x 580.1675pt>
File: ./Figure/Group_4/coeff_rand_poly_orth_near_orth_legendre.pdf Graphic file
 (type pdf)

<use ./Figure/Group_4/coeff_rand_poly_orth_near_orth_legendre.pdf>
Package pdftex.def Info: ./Figure/Group_4/coeff_rand_poly_orth_near_orth_legend
re.pdf used on input line 297.
(pdftex.def)             Requested size: 163.10896pt x 145.0415pt.

<./Figure/Group_4/coeff_rand_poly_near_orth_rotate_loglog.pdf, id=697, 652.4375
pt x 580.1675pt>
File: ./Figure/Group_4/coeff_rand_poly_near_orth_rotate_loglog.pdf Graphic file
 (type pdf)

<use ./Figure/Group_4/coeff_rand_poly_near_orth_rotate_loglog.pdf>
Package pdftex.def Info: ./Figure/Group_4/coeff_rand_poly_near_orth_rotate_logl
og.pdf used on input line 298.
(pdftex.def)             Requested size: 163.10896pt x 145.0415pt.

<./Figure/Group_4/coeff_rand_poly_legendre_rotate_loglog.pdf, id=699, 652.4375p
t x 580.1675pt>
File: ./Figure/Group_4/coeff_rand_poly_legendre_rotate_loglog.pdf Graphic file 
(type pdf)

<use ./Figure/Group_4/coeff_rand_poly_legendre_rotate_loglog.pdf>
Package pdftex.def Info: ./Figure/Group_4/coeff_rand_poly_legendre_rotate_loglo
g.pdf used on input line 299.
(pdftex.def)             Requested size: 163.10896pt x 145.0415pt.
 [23 <./Figure/Group_7/el2_chebyshev_dim_16_p_3.pdf>] [24 <./Figure/Group_4/el2
_rand_poly_dim_25_p3_rotate_together.pdf> <./Figure/Group_4/coeff_rand_poly_ort
h_near_orth_legendre.pdf> <./Figure/Group_4/coeff_rand_poly_near_orth_rotate_lo
glog.pdf> <./Figure/Group_4/coeff_rand_poly_legendre_rotate_loglog.pdf>]
<./Figure/Group_6/el2_elliptical_dim_20_p3.pdf, id=776, 652.4375pt x 580.1675pt
>
File: ./Figure/Group_6/el2_elliptical_dim_20_p3.pdf Graphic file (type pdf)
 <use ./Figure/Group_6/el2_elliptical_dim_20_p3.pdf>
Package pdftex.def Info: ./Figure/Group_6/el2_elliptical_dim_20_p3.pdf used on 
input line 376.
(pdftex.def)             Requested size: 163.10896pt x 145.0415pt.
 [25 <./Figure/Group_6/el2_elliptical_dim_20_p3.pdf>]
Package acronym Info: Label `acro:SASA' newly defined as it shall be overridden

although it is yet undefined on input line 398.
Package acronym Info: Label `acro:MD' newly defined as it shall be overridden
although it is yet undefined on input line 402.

<./Figure/Group_5/scatter_xi1_xi2.pdf, id=798, 652.4375pt x 580.1675pt>
File: ./Figure/Group_5/scatter_xi1_xi2.pdf Graphic file (type pdf)

<use ./Figure/Group_5/scatter_xi1_xi2.pdf>
Package pdftex.def Info: ./Figure/Group_5/scatter_xi1_xi2.pdf used on input lin
e 419.
(pdftex.def)             Requested size: 163.10896pt x 145.0415pt.

<./Figure/Group_5/scatter_xi1_xi3.pdf, id=800, 652.4375pt x 580.1675pt>
File: ./Figure/Group_5/scatter_xi1_xi3.pdf Graphic file (type pdf)

<use ./Figure/Group_5/scatter_xi1_xi3.pdf>
Package pdftex.def Info: ./Figure/Group_5/scatter_xi1_xi3.pdf used on input lin
e 420.
(pdftex.def)             Requested size: 163.10896pt x 145.0415pt.

<./Figure/Group_5/el2_solvation_dim_12_p_4.pdf, id=802, 652.4375pt x 580.1675pt
>
File: ./Figure/Group_5/el2_solvation_dim_12_p_4.pdf Graphic file (type pdf)
 <use ./Figure/Group_5/el2_solvation_dim_12_p_4.pdf>
Package pdftex.def Info: ./Figure/Group_5/el2_solvation_dim_12_p_4.pdf used on 
input line 421.
(pdftex.def)             Requested size: 163.10896pt x 145.0415pt.

<./Figure/Group_5/el2_sasa_9_dim_12_p_4.pdf, id=804, 652.4375pt x 580.1675pt>
File: ./Figure/Group_5/el2_sasa_9_dim_12_p_4.pdf Graphic file (type pdf)

<use ./Figure/Group_5/el2_sasa_9_dim_12_p_4.pdf>
Package pdftex.def Info: ./Figure/Group_5/el2_sasa_9_dim_12_p_4.pdf used on inp
ut line 422.
(pdftex.def)             Requested size: 163.10896pt x 145.0415pt.
 [26] [27 <./Figure/Group_5/scatter_xi1_xi2.pdf> <./Figure/Group_5/scatter_xi1_
xi3.pdf> <./Figure/Group_5/el2_solvation_dim_12_p_4.pdf> <./Figure/Group_5/el2_
sasa_9_dim_12_p_4.pdf>]
Package acronym Info: Label `acro:APBS' newly defined as it shall be overridden

although it is yet undefined on input line 463.

<./Figure/Group_5/GM_scatter_xi1_xi2.pdf, id=872, 652.4375pt x 580.1675pt>
File: ./Figure/Group_5/GM_scatter_xi1_xi2.pdf Graphic file (type pdf)

<use ./Figure/Group_5/GM_scatter_xi1_xi2.pdf>
Package pdftex.def Info: ./Figure/Group_5/GM_scatter_xi1_xi2.pdf used on input 
line 480.
(pdftex.def)             Requested size: 163.10896pt x 145.0415pt.

<./Figure/Group_5/pdf_solvation_dim_12_p_4.pdf, id=874, 652.4375pt x 580.1675pt
>
File: ./Figure/Group_5/pdf_solvation_dim_12_p_4.pdf Graphic file (type pdf)
 <use ./Figure/Group_5/pdf_solvation_dim_12_p_4.pdf>
Package pdftex.def Info: ./Figure/Group_5/pdf_solvation_dim_12_p_4.pdf used on 
input line 481.
(pdftex.def)             Requested size: 163.10896pt x 145.0415pt.
 [28 <./Figure/Group_5/GM_scatter_xi1_xi2.pdf> <./Figure/Group_5/pdf_solvation_
dim_12_p_4.pdf>])
(./Summary.tex) [29] (./Appendix.tex [30]
<./Figure/Group_2/Logscale_null_vec_density_Ns_50_sam_180_orth.pdf, id=944, 650
.43pt x 578.16pt>
File: ./Figure/Group_2/Logscale_null_vec_density_Ns_50_sam_180_orth.pdf Graphic
 file (type pdf)

<use ./Figure/Group_2/Logscale_null_vec_density_Ns_50_sam_180_orth.pdf>
Package pdftex.def Info: ./Figure/Group_2/Logscale_null_vec_density_Ns_50_sam_1
80_orth.pdf used on input line 61.
(pdftex.def)             Requested size: 162.6071pt x 144.53964pt.

<./Figure/Group_2/Logscale_null_vec_density_Ns_50_sam_180_orth_bound.pdf, id=94
6, 650.43pt x 578.16pt>
File: ./Figure/Group_2/Logscale_null_vec_density_Ns_50_sam_180_orth_bound.pdf G
raphic file (type pdf)

<use ./Figure/Group_2/Logscale_null_vec_density_Ns_50_sam_180_orth_bound.pdf>
Package pdftex.def Info: ./Figure/Group_2/Logscale_null_vec_density_Ns_50_sam_1
80_orth_bound.pdf used on input line 62.
(pdftex.def)             Requested size: 162.6071pt x 144.53964pt.

[31 <./Figure/Group_2/Logscale_null_vec_density_Ns_50_sam_180_orth.pdf> <./Figu
re/Group_2/Logscale_null_vec_density_Ns_50_sam_180_orth_bound.pdf>]

LaTeX Warning: `!h' float specifier changed to `!ht'.


LaTeX Warning: `!h' float specifier changed to `!ht'.

[32]
<./Figure/Group_9/Sobol_indices_rand_poly_d_25_p_3.pdf, id=986, 794.97pt x 614.
295pt>
File: ./Figure/Group_9/Sobol_indices_rand_poly_d_25_p_3.pdf Graphic file (type 
pdf)
 <use ./Figure/Group_9/Sobol_indices_rand_poly_d_25_p_3.pdf>
Package pdftex.def Info: ./Figure/Group_9/Sobol_indices_rand_poly_d_25_p_3.pdf 
used on input line 212.
(pdftex.def)             Requested size: 166.94862pt x 129.00575pt.

<./Figure/Group_9/Sobol_indices_mol_blb.pdf, id=988, 794.97pt x 614.295pt>
File: ./Figure/Group_9/Sobol_indices_mol_blb.pdf Graphic file (type pdf)

<use ./Figure/Group_9/Sobol_indices_mol_blb.pdf>
Package pdftex.def Info: ./Figure/Group_9/Sobol_indices_mol_blb.pdf used on inp
ut line 213.
(pdftex.def)             Requested size: 166.94862pt x 129.00575pt.
 [33]
Package acronym Info: Label `acro:GAFF' newly defined as it shall be overridden

although it is yet undefined on input line 244.
 [34 <./Figure/Group_9/Sobol_indices_rand_poly_d_25_p_3.pdf, page is rotated 90
 degrees> <./Figure/Group_9/Sobol_indices_mol_blb.pdf, page is rotated 90 degre
es>]
<./Figure/Group_8/blb_structure.pdf, id=1042, 139.52126pt x 169.63374pt>
File: ./Figure/Group_8/blb_structure.pdf Graphic file (type pdf)

<use ./Figure/Group_8/blb_structure.pdf>
Package pdftex.def Info: ./Figure/Group_8/blb_structure.pdf used on input line 
259.
(pdftex.def)             Requested size: 83.7134pt x 101.78102pt.
) (./CMAME_submission.bbl [35 <./Figure/Group_8/blb_structure.pdf>] [36] [37] [
38] [39] [40] [41] [42])

FiXme Summary: Number of notes: 0,
(FiXme)        Number of warnings: 0,
(FiXme)        Number of errors: 0,
(FiXme)        Number of fatal errors: 0,
(FiXme)        Total: 0.

[43]
Package atveryend Info: Empty hook `BeforeClearDocument' on input line 176.
Package atveryend Info: Empty hook `AfterLastShipout' on input line 176.
 (./CMAME_submission.aux)
Package atveryend Info: Executing hook `AtVeryEndDocument' on input line 176.
Package atveryend Info: Executing hook `AtEndAfterFileList' on input line 176.
Package rerunfilecheck Info: File `CMAME_submission.out' has not changed.
(rerunfilecheck)             Checksum: 3D6EEEBCE5AC4FD6987E6E8805F0D7E4;2245.


LaTeX Warning: Label(s) may have changed. Rerun to get cross-references right.

Package atveryend Info: Empty hook `AtVeryVeryEnd' on input line 176.
 )
(\end occurred inside a group at level 1)

### simple group (level 1) entered at line 470 ({)
### bottom level 
Here is how much of TeX's memory you used:
 20684 strings out of 492995
 375710 string characters out of 6132704
 477178 words of memory out of 5000000
 23445 multiletter control sequences out of 15000+600000
 17363 words of font info for 67 fonts, out of 8000000 for 9000
 1141 hyphenation exceptions out of 8191
 57i,19n,60p,2254b,903s stack positions out of 5000i,500n,10000p,200000b,80000s
</usr/local/texlive/2017/texmf-dist/fonts/type1/public/amsfonts
/cmextra/cmbsy7.pfb></usr/local/texlive/2017/texmf-dist/fonts/type1/public/amsf
onts/cm/cmbx10.pfb></usr/local/texlive/2017/texmf-dist/fonts/type1/public/amsfo
nts/cm/cmbx7.pfb></usr/local/texlive/2017/texmf-dist/fonts/type1/public/amsfont
s/cm/cmbx8.pfb></usr/local/texlive/2017/texmf-dist/fonts/type1/public/amsfonts/
cm/cmex10.pfb></usr/local/texlive/2017/texmf-dist/fonts/type1/public/amsfonts/c
mextra/cmex8.pfb></usr/local/texlive/2017/texmf-dist/fonts/type1/public/amsfont
s/cm/cmmi10.pfb></usr/local/texlive/2017/texmf-dist/fonts/type1/public/amsfonts
/cm/cmmi5.pfb></usr/local/texlive/2017/texmf-dist/fonts/type1/public/amsfonts/c
m/cmmi6.pfb></usr/local/texlive/2017/texmf-dist/fonts/type1/public/amsfonts/cm/
cmmi7.pfb></usr/local/texlive/2017/texmf-dist/fonts/type1/public/amsfonts/cm/cm
mi8.pfb></usr/local/texlive/2017/texmf-dist/fonts/type1/public/amsfonts/cm/cmmi
b10.pfb></usr/local/texlive/2017/texmf-dist/fonts/type1/public/amsfonts/cmextra
/cmmib5.pfb></usr/local/texlive/2017/texmf-dist/fonts/type1/public/amsfonts/cme
xtra/cmmib6.pfb></usr/local/texlive/2017/texmf-dist/fonts/type1/public/amsfonts
/cmextra/cmmib7.pfb></usr/local/texlive/2017/texmf-dist/fonts/type1/public/amsf
onts/cmextra/cmmib8.pfb></usr/local/texlive/2017/texmf-dist/fonts/type1/public/
amsfonts/cm/cmr10.pfb></usr/local/texlive/2017/texmf-dist/fonts/type1/public/am
sfonts/cm/cmr12.pfb></usr/local/texlive/2017/texmf-dist/fonts/type1/public/amsf
onts/cm/cmr5.pfb></usr/local/texlive/2017/texmf-dist/fonts/type1/public/amsfont
s/cm/cmr6.pfb></usr/local/texlive/2017/texmf-dist/fonts/type1/public/amsfonts/c
m/cmr7.pfb></usr/local/texlive/2017/texmf-dist/fonts/type1/public/amsfonts/cm/c
mr8.pfb></usr/local/texlive/2017/texmf-dist/fonts/type1/public/amsfonts/cm/cmss
8.pfb></usr/local/texlive/2017/texmf-dist/fonts/type1/public/amsfonts/cm/cmsy10
.pfb></usr/local/texlive/2017/texmf-dist/fonts/type1/public/amsfonts/cm/cmsy5.p
fb></usr/local/texlive/2017/texmf-dist/fonts/type1/public/amsfonts/cm/cmsy6.pfb
></usr/local/texlive/2017/texmf-dist/fonts/type1/public/amsfonts/cm/cmsy7.pfb><
/usr/local/texlive/2017/texmf-dist/fonts/type1/public/amsfonts/cm/cmsy8.pfb></u
sr/local/texlive/2017/texmf-dist/fonts/type1/public/amsfonts/cm/cmti10.pfb></us
r/local/texlive/2017/texmf-dist/fonts/type1/public/amsfonts/cm/cmti7.pfb></usr/
local/texlive/2017/texmf-dist/fonts/type1/public/amsfonts/cm/cmti8.pfb></usr/lo
cal/texlive/2017/texmf-dist/fonts/type1/public/amsfonts/cm/cmtt10.pfb></usr/loc
al/texlive/2017/texmf-dist/fonts/type1/public/amsfonts/cm/cmtt8.pfb></usr/local
/texlive/2017/texmf-dist/fonts/type1/public/amsfonts/symbols/msbm10.pfb></usr/l
ocal/texlive/2017/texmf-dist/fonts/type1/public/amsfonts/symbols/msbm7.pfb>
Output written on CMAME_submission.pdf (43 pages, 7881691 bytes).
PDF statistics:
 1310 PDF objects out of 1440 (max. 8388607)
 1124 compressed objects within 12 object streams
 311 named destinations out of 1000 (max. 500000)
 501 words of extra memory for PDF output out of 10000 (max. 10000000)

